d:\school\sem2\cis244\fredleyfinalgame\finalgame\debug\finalgame.pch
d:\school\sem2\cis244\fredleyfinalgame\finalgame\debug\vc141.pdb
d:\school\sem2\cis244\fredleyfinalgame\finalgame\debug\vc141.idb
d:\school\sem2\cis244\fredleyfinalgame\finalgame\debug\stdafx.obj
d:\school\sem2\cis244\fredleyfinalgame\finalgame\debug\character.obj
d:\school\sem2\cis244\fredleyfinalgame\finalgame\debug\enemy.obj
d:\school\sem2\cis244\fredleyfinalgame\finalgame\debug\finalgame.obj
d:\school\sem2\cis244\fredleyfinalgame\finalgame\debug\items.obj
d:\school\sem2\cis244\fredleyfinalgame\finalgame\debug\room.obj
c:\users\mikef\desktop\fredleyfinalgame\finalgame\debug\finalgame.pch
c:\users\mikef\desktop\fredleyfinalgame\finalgame\debug\vc141.pdb
c:\users\mikef\desktop\fredleyfinalgame\finalgame\debug\vc141.idb
c:\users\mikef\desktop\fredleyfinalgame\finalgame\debug\stdafx.obj
c:\users\mikef\desktop\fredleyfinalgame\finalgame\debug\character.obj
c:\users\mikef\desktop\fredleyfinalgame\finalgame\debug\enemy.obj
c:\users\mikef\desktop\fredleyfinalgame\finalgame\debug\finalgame.obj
c:\users\mikef\desktop\fredleyfinalgame\finalgame\debug\items.obj
c:\users\mikef\desktop\fredleyfinalgame\finalgame\debug\room.obj
c:\users\mikef\desktop\fredleyfinalgame\debug\finalgame.exe
c:\users\mikef\desktop\fredleyfinalgame\debug\finalgame.ilk
c:\users\mikef\desktop\fredleyfinalgame\debug\finalgame.pdb
d:\school\sem2\cis244\fredleyfinalgame\debug\finalgame.exe
d:\school\sem2\cis244\fredleyfinalgame\debug\finalgame.ilk
d:\school\sem2\cis244\fredleyfinalgame\debug\finalgame.pdb
d:\school\sem2\cis244\fredleyfinalgame\finalgame\debug\finalgame.tlog\cl.command.1.tlog
d:\school\sem2\cis244\fredleyfinalgame\finalgame\debug\finalgame.tlog\cl.read.1.tlog
d:\school\sem2\cis244\fredleyfinalgame\finalgame\debug\finalgame.tlog\cl.write.1.tlog
d:\school\sem2\cis244\fredleyfinalgame\finalgame\debug\finalgame.tlog\link.command.1.tlog
d:\school\sem2\cis244\fredleyfinalgame\finalgame\debug\finalgame.tlog\link.read.1.tlog
d:\school\sem2\cis244\fredleyfinalgame\finalgame\debug\finalgame.tlog\link.write.1.tlog
